2020.09.12 14:20:11 INFO  started: Metals version 0.9.3 in workspace 'C:\repos\github\gcowin.github.io' for client vscode.
2020.09.12 14:20:12 INFO  time: initialize in 1.4s
2020.09.12 17:32:35 INFO  shutting down Metals
2020.09.13 00:31:53 INFO  started: Metals version 0.9.3 in workspace 'C:\repos\github\gcowin.github.io' for client vscode.
2020.09.13 00:31:54 INFO  time: initialize in 0.55s
2020.09.13 00:31:55 INFO  skipping build import with status 'Requested'
2020.09.21 18:33:21 INFO  shutting down Metals
2020.09.23 06:33:45 INFO  started: Metals version 0.9.3 in workspace 'C:\repos\github\gcowin.github.io' for client vscode.
2020.09.23 06:33:46 INFO  time: initialize in 0.75s
2020.09.23 06:33:47 INFO  skipping build import with status 'Requested'
Sep 23, 2020 7:56:23 AM org.eclipse.lsp4j.jsonrpc.services.GenericEndpoint notify
INFO: Unsupported notification method: $/setTraceNotification
Sep 23, 2020 7:57:59 AM org.eclipse.lsp4j.jsonrpc.services.GenericEndpoint notify
INFO: Unsupported notification method: $/setTraceNotification
2020.09.28 08:04:22 INFO  started: Metals version 0.9.4 in workspace 'C:\repos\github\gcowin.github.io' for client vscode.
2020.09.28 08:04:23 INFO  time: initialize in 1.43s
2020.09.28 08:04:30 INFO  skipping build import with status 'Requested'
2020.10.04 15:41:21 INFO  shutting down Metals
2020.10.04 15:43:56 INFO  started: Metals version 0.9.4 in workspace 'C:\repos\github\gcowin.github.io' for client vscode.
2020.10.04 15:43:58 INFO  time: initialize in 1.67s
2020.10.04 15:44:01 INFO  skipping build import with status 'Requested'
2020.10.04 15:44:26 INFO  shutting down Metals
2020.11.05 15:08:13 INFO  started: Metals version 0.9.4 in workspace 'C:\repos\github\gcowin.github.io' for client vscode.
2020.11.05 15:08:18 INFO  time: initialize in 5.05s
2020.11.05 15:08:25 INFO  skipping build import with status 'Requested'
2020.11.23 13:34:18 INFO  Started: Metals version 0.9.5 in workspace 'C:\repos\github\gcowin.github.io' for client vscode.
2020.11.23 13:34:20 INFO  time: initialize in 2.08s
